INFO 2025-06-20 09:37:16,505 views 2034719 127480266487488 Assigning manager nate06 to store store 1
INFO 2025-06-20 09:37:16,702 views 2034719 127480266487488 Successfully assigned manager nate06 to store store 1
INFO 2025-06-20 09:40:18,063 views 2037073 131413985720000 Assigning manager StoreManager to store EZM Mexico Branch
INFO 2025-06-20 09:40:18,213 views 2037073 131413985720000 Successfully assigned manager StoreManager to store EZM Mexico Branch
INFO 2025-06-22 09:42:07,336 views 192165 135200625366720 Assigning manager SM to store store 2
INFO 2025-06-22 09:42:07,506 views 192165 135200625366720 Successfully assigned manager SM to store store 2
INFO 2025-06-25 17:43:14,182 __init__ 14917 135864048600768 Loading users/templatetags/__init__.py
INFO 2025-06-25 17:43:14,182 users_utils 14917 135864048600768 Loading users_utils.py
INFO 2025-06-25 17:43:17,477 __init__ 15048 135710891005632 Loading users/templatetags/__init__.py
INFO 2025-06-25 17:43:17,477 users_utils 15048 135710891005632 Loading users_utils.py
INFO 2025-06-25 17:50:41,744 __init__ 17824 134324469063808 Loading users/templatetags/__init__.py
INFO 2025-06-25 17:50:41,744 users_utils 17824 134324469063808 Loading users_utils.py
INFO 2025-06-25 17:50:49,442 __init__ 17993 132754459041920 Loading users/templatetags/__init__.py
INFO 2025-06-25 17:50:49,442 users_utils 17993 132754459041920 Loading users_utils.py
INFO 2025-06-25 17:51:08,362 __init__ 18193 125238880813184 Loading users/templatetags/__init__.py
INFO 2025-06-25 17:51:08,363 users_utils 18193 125238880813184 Loading users_utils.py
INFO 2025-06-25 17:51:21,208 __init__ 18396 132807676403840 Loading users/templatetags/__init__.py
INFO 2025-06-25 17:51:21,209 users_utils 18396 132807676403840 Loading users_utils.py
INFO 2025-06-25 17:52:02,252 __init__ 18673 132334667374720 Loading users/templatetags/__init__.py
INFO 2025-06-25 17:52:02,253 users_utils 18673 132334667374720 Loading users_utils.py
INFO 2025-06-25 17:52:06,111 __init__ 18800 131434368544896 Loading users/templatetags/__init__.py
INFO 2025-06-25 17:52:06,112 users_utils 18800 131434368544896 Loading users_utils.py
